[2023-12-06T00:34:43.300+0000] {taskinstance.py:1159} INFO - Dependencies all met for dep_context=non-requeueable deps ti=<TaskInstance: dag_spotify.main_func manual__2023-12-06T00:34:41.741351+00:00 [queued]>
[2023-12-06T00:34:43.304+0000] {taskinstance.py:1159} INFO - Dependencies all met for dep_context=requeueable deps ti=<TaskInstance: dag_spotify.main_func manual__2023-12-06T00:34:41.741351+00:00 [queued]>
[2023-12-06T00:34:43.304+0000] {taskinstance.py:1361} INFO - Starting attempt 1 of 4
[2023-12-06T00:34:43.309+0000] {taskinstance.py:1382} INFO - Executing <Task(PythonOperator): main_func> on 2023-12-06 00:34:41.741351+00:00
[2023-12-06T00:34:43.312+0000] {standard_task_runner.py:57} INFO - Started process 232 to run task
[2023-12-06T00:34:43.314+0000] {standard_task_runner.py:84} INFO - Running: ['***', 'tasks', 'run', 'dag_spotify', 'main_func', 'manual__2023-12-06T00:34:41.741351+00:00', '--job-id', '27', '--raw', '--subdir', 'DAGS_FOLDER/dag_spotify.py', '--cfg-path', '/tmp/tmpulbbk2cw']
[2023-12-06T00:34:43.316+0000] {standard_task_runner.py:85} INFO - Job 27: Subtask main_func
[2023-12-06T00:34:43.342+0000] {task_command.py:416} INFO - Running <TaskInstance: dag_spotify.main_func manual__2023-12-06T00:34:41.741351+00:00 [running]> on host 3ceac54b7417
[2023-12-06T00:34:43.383+0000] {taskinstance.py:1662} INFO - Exporting env vars: AIRFLOW_CTX_DAG_OWNER='***' AIRFLOW_CTX_DAG_ID='dag_spotify' AIRFLOW_CTX_TASK_ID='main_func' AIRFLOW_CTX_EXECUTION_DATE='2023-12-06T00:34:41.741351+00:00' AIRFLOW_CTX_TRY_NUMBER='1' AIRFLOW_CTX_DAG_RUN_ID='manual__2023-12-06T00:34:41.741351+00:00'
[2023-12-06T00:34:45.289+0000] {logging_mixin.py:154} WARNING - /opt/***/scripts/main.py:82 SettingWithCopyWarning: 
A value is trying to be set on a copy of a slice from a DataFrame.
Try using .loc[row_indexer,col_indexer] = value instead

See the caveats in the documentation: https://pandas.pydata.org/pandas-docs/stable/user_guide/indexing.html#returning-a-view-versus-a-copy
[2023-12-06T00:34:45.291+0000] {logging_mixin.py:154} WARNING - /opt/***/scripts/main.py:83 SettingWithCopyWarning: 
A value is trying to be set on a copy of a slice from a DataFrame.
Try using .loc[row_indexer,col_indexer] = value instead

See the caveats in the documentation: https://pandas.pydata.org/pandas-docs/stable/user_guide/indexing.html#returning-a-view-versus-a-copy
[2023-12-06T00:34:45.292+0000] {logging_mixin.py:154} WARNING - /opt/***/scripts/main.py:85 SettingWithCopyWarning: 
A value is trying to be set on a copy of a slice from a DataFrame.
Try using .loc[row_indexer,col_indexer] = value instead

See the caveats in the documentation: https://pandas.pydata.org/pandas-docs/stable/user_guide/indexing.html#returning-a-view-versus-a-copy
[2023-12-06T00:34:49.314+0000] {python.py:194} INFO - Done. Returned value was: None
[2023-12-06T00:34:49.325+0000] {taskinstance.py:1400} INFO - Marking task as SUCCESS. dag_id=dag_spotify, task_id=main_func, execution_date=20231206T003441, start_date=20231206T003443, end_date=20231206T003449
[2023-12-06T00:34:49.351+0000] {local_task_job_runner.py:228} INFO - Task exited with return code 0
[2023-12-06T00:34:49.363+0000] {taskinstance.py:2778} INFO - 0 downstream tasks scheduled from follow-on schedule check
