[2023-12-05T22:57:05.848+0000] {manager.py:487} INFO - Processing files using up to 2 processes at a time 
[2023-12-05T22:57:05.848+0000] {manager.py:488} INFO - Process each file at most once every 10 seconds
[2023-12-05T22:57:05.849+0000] {manager.py:489} INFO - Checking for new files in /opt/airflow/dags every 300 seconds
[2023-12-05T22:57:05.849+0000] {manager.py:755} INFO - Searching for files in /opt/airflow/dags
[2023-12-05T22:57:05.850+0000] {manager.py:758} INFO - There are 0 files in /opt/airflow/dags
[2023-12-05T23:02:06.409+0000] {manager.py:755} INFO - Searching for files in /opt/airflow/dags
[2023-12-05T23:02:06.417+0000] {manager.py:758} INFO - There are 1 files in /opt/airflow/dags
[2023-12-05T23:02:20.620+0000] {manager.py:887} INFO - 
================================================================================
DAG File Processing Stats

File Path                         PID    Runtime      # DAGs    # Errors  Last Runtime    Last Run
--------------------------------  -----  ---------  --------  ----------  --------------  -------------------
/opt/airflow/dags/dag_spotify.py                           0           0  0.05s           2023-12-05T23:02:16
================================================================================
[2023-12-05T23:02:50.954+0000] {manager.py:887} INFO - 
================================================================================
DAG File Processing Stats

File Path                         PID    Runtime      # DAGs    # Errors  Last Runtime    Last Run
--------------------------------  -----  ---------  --------  ----------  --------------  -------------------
/opt/airflow/dags/dag_spotify.py                           0           0  0.04s           2023-12-05T23:02:46
================================================================================
[2023-12-05T23:03:21.234+0000] {manager.py:887} INFO - 
================================================================================
DAG File Processing Stats

File Path                         PID    Runtime      # DAGs    # Errors  Last Runtime    Last Run
--------------------------------  -----  ---------  --------  ----------  --------------  -------------------
/opt/airflow/dags/dag_spotify.py                           0           0  0.04s           2023-12-05T23:03:17
================================================================================
[2023-12-05T23:03:51.658+0000] {manager.py:887} INFO - 
================================================================================
DAG File Processing Stats

File Path                         PID    Runtime      # DAGs    # Errors  Last Runtime    Last Run
--------------------------------  -----  ---------  --------  ----------  --------------  -------------------
/opt/airflow/dags/dag_spotify.py                           0           0  0.06s           2023-12-05T23:03:44
================================================================================
[2023-12-05T23:04:22.006+0000] {manager.py:887} INFO - 
================================================================================
DAG File Processing Stats

File Path                         PID    Runtime      # DAGs    # Errors  Last Runtime    Last Run
--------------------------------  -----  ---------  --------  ----------  --------------  -------------------
/opt/airflow/dags/dag_spotify.py                           0           0  0.05s           2023-12-05T23:04:14
================================================================================
[2023-12-05T23:04:52.390+0000] {manager.py:887} INFO - 
================================================================================
DAG File Processing Stats

File Path                         PID    Runtime      # DAGs    # Errors  Last Runtime    Last Run
--------------------------------  -----  ---------  --------  ----------  --------------  -------------------
/opt/airflow/dags/dag_spotify.py                           0           0  0.06s           2023-12-05T23:04:45
================================================================================
[2023-12-05T23:05:22.742+0000] {manager.py:887} INFO - 
================================================================================
DAG File Processing Stats

File Path                         PID    Runtime      # DAGs    # Errors  Last Runtime    Last Run
--------------------------------  -----  ---------  --------  ----------  --------------  -------------------
/opt/airflow/dags/dag_spotify.py                           0           0  0.06s           2023-12-05T23:05:15
================================================================================
[2023-12-05T23:05:53.099+0000] {manager.py:887} INFO - 
================================================================================
DAG File Processing Stats

File Path                         PID    Runtime      # DAGs    # Errors  Last Runtime    Last Run
--------------------------------  -----  ---------  --------  ----------  --------------  -------------------
/opt/airflow/dags/dag_spotify.py                           0           0  0.06s           2023-12-05T23:05:46
================================================================================
[2023-12-05T23:06:23.403+0000] {manager.py:887} INFO - 
================================================================================
DAG File Processing Stats

File Path                         PID    Runtime      # DAGs    # Errors  Last Runtime    Last Run
--------------------------------  -----  ---------  --------  ----------  --------------  -------------------
/opt/airflow/dags/dag_spotify.py                           0           0  0.03s           2023-12-05T23:06:16
================================================================================
[2023-12-05T23:06:53.692+0000] {manager.py:887} INFO - 
================================================================================
DAG File Processing Stats

File Path                         PID    Runtime      # DAGs    # Errors  Last Runtime    Last Run
--------------------------------  -----  ---------  --------  ----------  --------------  -------------------
/opt/airflow/dags/dag_spotify.py                           0           0  0.06s           2023-12-05T23:06:46
================================================================================
[2023-12-05T23:07:06.821+0000] {manager.py:755} INFO - Searching for files in /opt/airflow/dags
[2023-12-05T23:07:06.829+0000] {manager.py:758} INFO - There are 1 files in /opt/airflow/dags
[2023-12-05T23:07:24.011+0000] {manager.py:887} INFO - 
================================================================================
DAG File Processing Stats

File Path                         PID    Runtime      # DAGs    # Errors  Last Runtime    Last Run
--------------------------------  -----  ---------  --------  ----------  --------------  -------------------
/opt/airflow/dags/dag_spotify.py                           0           0  0.04s           2023-12-05T23:07:16
================================================================================
[2023-12-05T23:07:49.276+0000] {manager.py:1137} WARNING - Skipping processing of missing file: /opt/airflow/dags/dag_spotify.py
[2023-12-05T23:12:07.421+0000] {manager.py:755} INFO - Searching for files in /opt/airflow/dags
[2023-12-05T23:12:10.023+0000] {manager.py:758} INFO - There are 0 files in /opt/airflow/dags
[2023-12-05T23:17:07.532+0000] {manager.py:755} INFO - Searching for files in /opt/airflow/dags
[2023-12-05T23:17:07.537+0000] {manager.py:758} INFO - There are 0 files in /opt/airflow/dags
[2023-12-05T23:22:08.202+0000] {manager.py:755} INFO - Searching for files in /opt/airflow/dags
[2023-12-05T23:22:08.209+0000] {manager.py:758} INFO - There are 0 files in /opt/airflow/dags
[2023-12-05T23:23:43.904+0000] {manager.py:469} INFO - Exiting gracefully upon receiving signal 15
[2023-12-05T23:24:22.076+0000] {manager.py:487} INFO - Processing files using up to 2 processes at a time 
[2023-12-05T23:24:22.077+0000] {manager.py:488} INFO - Process each file at most once every 10 seconds
[2023-12-05T23:24:22.077+0000] {manager.py:489} INFO - Checking for new files in /opt/airflow/dags every 300 seconds
[2023-12-05T23:24:22.078+0000] {manager.py:755} INFO - Searching for files in /opt/airflow/dags
[2023-12-05T23:24:22.080+0000] {manager.py:758} INFO - There are 1 files in /opt/airflow/dags
[2023-12-05T23:24:22.121+0000] {manager.py:887} INFO - 
================================================================================
DAG File Processing Stats

File Path                           PID  Runtime      # DAGs    # Errors  Last Runtime    Last Run
--------------------------------  -----  ---------  --------  ----------  --------------  ----------
/opt/airflow/dags/dag_spotify.py    170  0.02s             0           0
================================================================================
[2023-12-05T23:24:52.410+0000] {manager.py:887} INFO - 
================================================================================
DAG File Processing Stats

File Path                           PID  Runtime      # DAGs    # Errors  Last Runtime    Last Run
--------------------------------  -----  ---------  --------  ----------  --------------  -------------------
/opt/airflow/dags/dag_spotify.py    185  0.01s             1           0  0.09s           2023-12-05T23:24:42
================================================================================
[2023-12-05T23:25:22.784+0000] {manager.py:887} INFO - 
================================================================================
DAG File Processing Stats

File Path                           PID  Runtime      # DAGs    # Errors  Last Runtime    Last Run
--------------------------------  -----  ---------  --------  ----------  --------------  -------------------
/opt/airflow/dags/dag_spotify.py    200  0.01s             1           0  0.08s           2023-12-05T23:25:12
================================================================================
[2023-12-05T23:25:53.244+0000] {manager.py:887} INFO - 
================================================================================
DAG File Processing Stats

File Path                           PID  Runtime      # DAGs    # Errors  Last Runtime    Last Run
--------------------------------  -----  ---------  --------  ----------  --------------  -------------------
/opt/airflow/dags/dag_spotify.py    215  0.00s             1           0  0.10s           2023-12-05T23:25:43
================================================================================
[2023-12-05T23:26:23.635+0000] {manager.py:887} INFO - 
================================================================================
DAG File Processing Stats

File Path                           PID  Runtime      # DAGs    # Errors  Last Runtime    Last Run
--------------------------------  -----  ---------  --------  ----------  --------------  -------------------
/opt/airflow/dags/dag_spotify.py    230  0.00s             1           0  0.09s           2023-12-05T23:26:13
================================================================================
[2023-12-05T23:26:54.078+0000] {manager.py:887} INFO - 
================================================================================
DAG File Processing Stats

File Path                           PID  Runtime      # DAGs    # Errors  Last Runtime    Last Run
--------------------------------  -----  ---------  --------  ----------  --------------  -------------------
/opt/airflow/dags/dag_spotify.py    245  0.01s             1           0  0.09s           2023-12-05T23:26:44
================================================================================
[2023-12-05T23:27:24.493+0000] {manager.py:887} INFO - 
================================================================================
DAG File Processing Stats

File Path                           PID  Runtime      # DAGs    # Errors  Last Runtime    Last Run
--------------------------------  -----  ---------  --------  ----------  --------------  -------------------
/opt/airflow/dags/dag_spotify.py    260  0.01s             1           0  0.09s           2023-12-05T23:27:14
================================================================================
[2023-12-05T23:27:54.902+0000] {manager.py:887} INFO - 
================================================================================
DAG File Processing Stats

File Path                           PID  Runtime      # DAGs    # Errors  Last Runtime    Last Run
--------------------------------  -----  ---------  --------  ----------  --------------  -------------------
/opt/airflow/dags/dag_spotify.py    275  0.01s             1           0  0.09s           2023-12-05T23:27:44
================================================================================
[2023-12-05T23:28:25.293+0000] {manager.py:887} INFO - 
================================================================================
DAG File Processing Stats

File Path                           PID  Runtime      # DAGs    # Errors  Last Runtime    Last Run
--------------------------------  -----  ---------  --------  ----------  --------------  -------------------
/opt/airflow/dags/dag_spotify.py    290  0.01s             1           0  0.09s           2023-12-05T23:28:15
================================================================================
[2023-12-05T23:28:55.688+0000] {manager.py:887} INFO - 
================================================================================
DAG File Processing Stats

File Path                           PID  Runtime      # DAGs    # Errors  Last Runtime    Last Run
--------------------------------  -----  ---------  --------  ----------  --------------  -------------------
/opt/airflow/dags/dag_spotify.py    305  0.01s             1           0  0.09s           2023-12-05T23:28:45
================================================================================
[2023-12-05T23:29:22.078+0000] {manager.py:755} INFO - Searching for files in /opt/airflow/dags
[2023-12-05T23:29:22.089+0000] {manager.py:758} INFO - There are 1 files in /opt/airflow/dags
[2023-12-05T23:29:26.099+0000] {manager.py:887} INFO - 
================================================================================
DAG File Processing Stats

File Path                           PID  Runtime      # DAGs    # Errors  Last Runtime    Last Run
--------------------------------  -----  ---------  --------  ----------  --------------  -------------------
/opt/airflow/dags/dag_spotify.py    320  0.01s             1           0  0.09s           2023-12-05T23:29:16
================================================================================
[2023-12-05T23:29:56.473+0000] {manager.py:887} INFO - 
================================================================================
DAG File Processing Stats

File Path                           PID  Runtime      # DAGs    # Errors  Last Runtime    Last Run
--------------------------------  -----  ---------  --------  ----------  --------------  -------------------
/opt/airflow/dags/dag_spotify.py    335  0.01s             1           0  0.08s           2023-12-05T23:29:46
================================================================================
[2023-12-05T23:30:26.835+0000] {manager.py:887} INFO - 
================================================================================
DAG File Processing Stats

File Path                           PID  Runtime      # DAGs    # Errors  Last Runtime    Last Run
--------------------------------  -----  ---------  --------  ----------  --------------  -------------------
/opt/airflow/dags/dag_spotify.py    350  0.01s             1           0  0.09s           2023-12-05T23:30:16
================================================================================
[2023-12-05T23:30:57.198+0000] {manager.py:887} INFO - 
================================================================================
DAG File Processing Stats

File Path                           PID  Runtime      # DAGs    # Errors  Last Runtime    Last Run
--------------------------------  -----  ---------  --------  ----------  --------------  -------------------
/opt/airflow/dags/dag_spotify.py    365  0.01s             1           0  0.07s           2023-12-05T23:30:47
================================================================================
[2023-12-05T23:31:27.538+0000] {manager.py:887} INFO - 
================================================================================
DAG File Processing Stats

File Path                           PID  Runtime      # DAGs    # Errors  Last Runtime    Last Run
--------------------------------  -----  ---------  --------  ----------  --------------  -------------------
/opt/airflow/dags/dag_spotify.py    380  0.01s             1           0  0.06s           2023-12-05T23:31:17
================================================================================
[2023-12-05T23:31:57.956+0000] {manager.py:887} INFO - 
================================================================================
DAG File Processing Stats

File Path                           PID  Runtime      # DAGs    # Errors  Last Runtime    Last Run
--------------------------------  -----  ---------  --------  ----------  --------------  -------------------
/opt/airflow/dags/dag_spotify.py    395  0.01s             1           0  0.09s           2023-12-05T23:31:47
================================================================================
[2023-12-05T23:32:28.350+0000] {manager.py:887} INFO - 
================================================================================
DAG File Processing Stats

File Path                           PID  Runtime      # DAGs    # Errors  Last Runtime    Last Run
--------------------------------  -----  ---------  --------  ----------  --------------  -------------------
/opt/airflow/dags/dag_spotify.py    410  0.01s             1           0  0.09s           2023-12-05T23:32:18
================================================================================
[2023-12-05T23:32:58.707+0000] {manager.py:887} INFO - 
================================================================================
DAG File Processing Stats

File Path                           PID  Runtime      # DAGs    # Errors  Last Runtime    Last Run
--------------------------------  -----  ---------  --------  ----------  --------------  -------------------
/opt/airflow/dags/dag_spotify.py    425  0.01s             1           0  0.09s           2023-12-05T23:32:48
================================================================================
[2023-12-05T23:33:29.138+0000] {manager.py:887} INFO - 
================================================================================
DAG File Processing Stats

File Path                           PID  Runtime      # DAGs    # Errors  Last Runtime    Last Run
--------------------------------  -----  ---------  --------  ----------  --------------  -------------------
/opt/airflow/dags/dag_spotify.py    440  0.01s             1           0  0.09s           2023-12-05T23:33:19
================================================================================
[2023-12-05T23:33:59.526+0000] {manager.py:887} INFO - 
================================================================================
DAG File Processing Stats

File Path                           PID  Runtime      # DAGs    # Errors  Last Runtime    Last Run
--------------------------------  -----  ---------  --------  ----------  --------------  -------------------
/opt/airflow/dags/dag_spotify.py    455  0.01s             1           0  0.09s           2023-12-05T23:33:49
================================================================================
[2023-12-05T23:34:22.813+0000] {manager.py:755} INFO - Searching for files in /opt/airflow/dags
[2023-12-05T23:34:22.820+0000] {manager.py:758} INFO - There are 1 files in /opt/airflow/dags
[2023-12-05T23:34:29.898+0000] {manager.py:887} INFO - 
================================================================================
DAG File Processing Stats

File Path                           PID  Runtime      # DAGs    # Errors  Last Runtime    Last Run
--------------------------------  -----  ---------  --------  ----------  --------------  -------------------
/opt/airflow/dags/dag_spotify.py    470  0.00s             1           0  0.09s           2023-12-05T23:34:19
================================================================================
[2023-12-05T23:35:00.246+0000] {manager.py:887} INFO - 
================================================================================
DAG File Processing Stats

File Path                           PID  Runtime      # DAGs    # Errors  Last Runtime    Last Run
--------------------------------  -----  ---------  --------  ----------  --------------  -------------------
/opt/airflow/dags/dag_spotify.py    485  0.00s             1           0  0.07s           2023-12-05T23:34:50
================================================================================
[2023-12-05T23:35:30.576+0000] {manager.py:887} INFO - 
================================================================================
DAG File Processing Stats

File Path                           PID  Runtime      # DAGs    # Errors  Last Runtime    Last Run
--------------------------------  -----  ---------  --------  ----------  --------------  -------------------
/opt/airflow/dags/dag_spotify.py    500  0.00s             1           0  0.07s           2023-12-05T23:35:20
================================================================================
[2023-12-05T23:36:00.992+0000] {manager.py:887} INFO - 
================================================================================
DAG File Processing Stats

File Path                           PID  Runtime      # DAGs    # Errors  Last Runtime    Last Run
--------------------------------  -----  ---------  --------  ----------  --------------  -------------------
/opt/airflow/dags/dag_spotify.py    515  0.01s             1           0  0.06s           2023-12-05T23:35:50
================================================================================
[2023-12-05T23:36:31.375+0000] {manager.py:887} INFO - 
================================================================================
DAG File Processing Stats

File Path                           PID  Runtime      # DAGs    # Errors  Last Runtime    Last Run
--------------------------------  -----  ---------  --------  ----------  --------------  -------------------
/opt/airflow/dags/dag_spotify.py    530  0.01s             1           0  0.09s           2023-12-05T23:36:21
================================================================================
[2023-12-05T23:37:01.790+0000] {manager.py:887} INFO - 
================================================================================
DAG File Processing Stats

File Path                           PID  Runtime      # DAGs    # Errors  Last Runtime    Last Run
--------------------------------  -----  ---------  --------  ----------  --------------  -------------------
/opt/airflow/dags/dag_spotify.py    545  0.01s             1           0  0.09s           2023-12-05T23:36:51
================================================================================
[2023-12-05T23:37:32.172+0000] {manager.py:887} INFO - 
================================================================================
DAG File Processing Stats

File Path                           PID  Runtime      # DAGs    # Errors  Last Runtime    Last Run
--------------------------------  -----  ---------  --------  ----------  --------------  -------------------
/opt/airflow/dags/dag_spotify.py    560  0.01s             1           0  0.09s           2023-12-05T23:37:22
================================================================================
[2023-12-05T23:38:02.569+0000] {manager.py:887} INFO - 
================================================================================
DAG File Processing Stats

File Path                           PID  Runtime      # DAGs    # Errors  Last Runtime    Last Run
--------------------------------  -----  ---------  --------  ----------  --------------  -------------------
/opt/airflow/dags/dag_spotify.py    575  0.01s             1           0  0.10s           2023-12-05T23:37:52
================================================================================
[2023-12-05T23:38:32.940+0000] {manager.py:887} INFO - 
================================================================================
DAG File Processing Stats

File Path                           PID  Runtime      # DAGs    # Errors  Last Runtime    Last Run
--------------------------------  -----  ---------  --------  ----------  --------------  -------------------
/opt/airflow/dags/dag_spotify.py    590  0.01s             1           0  0.09s           2023-12-05T23:38:22
================================================================================
[2023-12-05T23:39:03.369+0000] {manager.py:887} INFO - 
================================================================================
DAG File Processing Stats

File Path                         PID    Runtime      # DAGs    # Errors  Last Runtime    Last Run
--------------------------------  -----  ---------  --------  ----------  --------------  -------------------
/opt/airflow/dags/dag_spotify.py                           0           1  0.06s           2023-12-05T23:39:01
================================================================================
[2023-12-05T23:39:23.598+0000] {manager.py:755} INFO - Searching for files in /opt/airflow/dags
[2023-12-05T23:39:23.606+0000] {manager.py:758} INFO - There are 1 files in /opt/airflow/dags
[2023-12-05T23:39:33.736+0000] {manager.py:887} INFO - 
================================================================================
DAG File Processing Stats

File Path                         PID    Runtime      # DAGs    # Errors  Last Runtime    Last Run
--------------------------------  -----  ---------  --------  ----------  --------------  -------------------
/opt/airflow/dags/dag_spotify.py                           0           1  0.06s           2023-12-05T23:39:31
================================================================================
[2023-12-05T23:40:04.067+0000] {manager.py:887} INFO - 
================================================================================
DAG File Processing Stats

File Path                         PID    Runtime      # DAGs    # Errors  Last Runtime    Last Run
--------------------------------  -----  ---------  --------  ----------  --------------  -------------------
/opt/airflow/dags/dag_spotify.py                           0           1  0.04s           2023-12-05T23:40:02
================================================================================
[2023-12-05T23:40:34.412+0000] {manager.py:887} INFO - 
================================================================================
DAG File Processing Stats

File Path                         PID    Runtime      # DAGs    # Errors  Last Runtime    Last Run
--------------------------------  -----  ---------  --------  ----------  --------------  -------------------
/opt/airflow/dags/dag_spotify.py                           0           1  0.04s           2023-12-05T23:40:32
================================================================================
[2023-12-05T23:41:04.756+0000] {manager.py:887} INFO - 
================================================================================
DAG File Processing Stats

File Path                         PID    Runtime      # DAGs    # Errors  Last Runtime    Last Run
--------------------------------  -----  ---------  --------  ----------  --------------  -------------------
/opt/airflow/dags/dag_spotify.py                           0           1  0.06s           2023-12-05T23:41:02
================================================================================
[2023-12-05T23:41:35.122+0000] {manager.py:887} INFO - 
================================================================================
DAG File Processing Stats

File Path                         PID    Runtime      # DAGs    # Errors  Last Runtime    Last Run
--------------------------------  -----  ---------  --------  ----------  --------------  -------------------
/opt/airflow/dags/dag_spotify.py                           0           1  0.05s           2023-12-05T23:41:33
================================================================================
[2023-12-05T23:42:05.475+0000] {manager.py:887} INFO - 
================================================================================
DAG File Processing Stats

File Path                         PID    Runtime      # DAGs    # Errors  Last Runtime    Last Run
--------------------------------  -----  ---------  --------  ----------  --------------  -------------------
/opt/airflow/dags/dag_spotify.py                           0           1  0.06s           2023-12-05T23:42:03
================================================================================
[2023-12-05T23:42:35.835+0000] {manager.py:887} INFO - 
================================================================================
DAG File Processing Stats

File Path                         PID    Runtime      # DAGs    # Errors  Last Runtime    Last Run
--------------------------------  -----  ---------  --------  ----------  --------------  -------------------
/opt/airflow/dags/dag_spotify.py                           0           1  0.06s           2023-12-05T23:42:33
================================================================================
[2023-12-05T23:43:06.193+0000] {manager.py:887} INFO - 
================================================================================
DAG File Processing Stats

File Path                         PID    Runtime      # DAGs    # Errors  Last Runtime    Last Run
--------------------------------  -----  ---------  --------  ----------  --------------  -------------------
/opt/airflow/dags/dag_spotify.py                           0           1  0.06s           2023-12-05T23:43:04
================================================================================
[2023-12-05T23:43:36.566+0000] {manager.py:887} INFO - 
================================================================================
DAG File Processing Stats

File Path                         PID    Runtime      # DAGs    # Errors  Last Runtime    Last Run
--------------------------------  -----  ---------  --------  ----------  --------------  -------------------
/opt/airflow/dags/dag_spotify.py                           0           1  0.06s           2023-12-05T23:43:34
================================================================================
[2023-12-05T23:44:06.926+0000] {manager.py:887} INFO - 
================================================================================
DAG File Processing Stats

File Path                         PID    Runtime      # DAGs    # Errors  Last Runtime    Last Run
--------------------------------  -----  ---------  --------  ----------  --------------  -------------------
/opt/airflow/dags/dag_spotify.py                           0           1  0.06s           2023-12-05T23:44:04
================================================================================
[2023-12-05T23:44:24.084+0000] {manager.py:755} INFO - Searching for files in /opt/airflow/dags
[2023-12-05T23:44:24.090+0000] {manager.py:758} INFO - There are 1 files in /opt/airflow/dags
[2023-12-05T23:44:37.277+0000] {manager.py:887} INFO - 
================================================================================
DAG File Processing Stats

File Path                         PID    Runtime      # DAGs    # Errors  Last Runtime    Last Run
--------------------------------  -----  ---------  --------  ----------  --------------  -------------------
/opt/airflow/dags/dag_spotify.py                           0           1  0.04s           2023-12-05T23:44:35
================================================================================
[2023-12-05T23:45:07.686+0000] {manager.py:887} INFO - 
================================================================================
DAG File Processing Stats

File Path                         PID    Runtime      # DAGs    # Errors  Last Runtime    Last Run
--------------------------------  -----  ---------  --------  ----------  --------------  -------------------
/opt/airflow/dags/dag_spotify.py                           0           1  0.06s           2023-12-05T23:45:05
================================================================================
[2023-12-05T23:45:38.068+0000] {manager.py:887} INFO - 
================================================================================
DAG File Processing Stats

File Path                         PID    Runtime      # DAGs    # Errors  Last Runtime    Last Run
--------------------------------  -----  ---------  --------  ----------  --------------  -------------------
/opt/airflow/dags/dag_spotify.py                           0           1  0.06s           2023-12-05T23:45:36
================================================================================
[2023-12-05T23:46:08.460+0000] {manager.py:887} INFO - 
================================================================================
DAG File Processing Stats

File Path                         PID    Runtime      # DAGs    # Errors  Last Runtime    Last Run
--------------------------------  -----  ---------  --------  ----------  --------------  -------------------
/opt/airflow/dags/dag_spotify.py                           0           1  0.06s           2023-12-05T23:46:06
================================================================================
[2023-12-05T23:46:38.857+0000] {manager.py:887} INFO - 
================================================================================
DAG File Processing Stats

File Path                         PID    Runtime      # DAGs    # Errors  Last Runtime    Last Run
--------------------------------  -----  ---------  --------  ----------  --------------  -------------------
/opt/airflow/dags/dag_spotify.py                           0           1  0.06s           2023-12-05T23:46:36
================================================================================
[2023-12-05T23:47:09.221+0000] {manager.py:887} INFO - 
================================================================================
DAG File Processing Stats

File Path                         PID    Runtime      # DAGs    # Errors  Last Runtime    Last Run
--------------------------------  -----  ---------  --------  ----------  --------------  -------------------
/opt/airflow/dags/dag_spotify.py                           0           1  0.06s           2023-12-05T23:47:07
================================================================================
[2023-12-05T23:47:39.519+0000] {manager.py:887} INFO - 
================================================================================
DAG File Processing Stats

File Path                         PID    Runtime      # DAGs    # Errors  Last Runtime    Last Run
--------------------------------  -----  ---------  --------  ----------  --------------  -------------------
/opt/airflow/dags/dag_spotify.py                           0           1  0.04s           2023-12-05T23:47:37
================================================================================
[2023-12-05T23:48:09.845+0000] {manager.py:887} INFO - 
================================================================================
DAG File Processing Stats

File Path                         PID    Runtime      # DAGs    # Errors  Last Runtime    Last Run
--------------------------------  -----  ---------  --------  ----------  --------------  -------------------
/opt/airflow/dags/dag_spotify.py                           0           1  0.06s           2023-12-05T23:48:07
================================================================================
[2023-12-05T23:48:40.194+0000] {manager.py:887} INFO - 
================================================================================
DAG File Processing Stats

File Path                         PID    Runtime      # DAGs    # Errors  Last Runtime    Last Run
--------------------------------  -----  ---------  --------  ----------  --------------  -------------------
/opt/airflow/dags/dag_spotify.py                           0           1  0.06s           2023-12-05T23:48:38
================================================================================
[2023-12-05T23:49:10.530+0000] {manager.py:887} INFO - 
================================================================================
DAG File Processing Stats

File Path                         PID    Runtime      # DAGs    # Errors  Last Runtime    Last Run
--------------------------------  -----  ---------  --------  ----------  --------------  -------------------
/opt/airflow/dags/dag_spotify.py                           0           1  0.05s           2023-12-05T23:49:08
================================================================================
[2023-12-05T23:49:24.687+0000] {manager.py:755} INFO - Searching for files in /opt/airflow/dags
[2023-12-05T23:49:24.694+0000] {manager.py:758} INFO - There are 1 files in /opt/airflow/dags
[2023-12-05T23:49:40.893+0000] {manager.py:887} INFO - 
================================================================================
DAG File Processing Stats

File Path                         PID    Runtime      # DAGs    # Errors  Last Runtime    Last Run
--------------------------------  -----  ---------  --------  ----------  --------------  -------------------
/opt/airflow/dags/dag_spotify.py                           0           1  0.06s           2023-12-05T23:49:38
================================================================================
[2023-12-05T23:50:11.202+0000] {manager.py:887} INFO - 
================================================================================
DAG File Processing Stats

File Path                         PID    Runtime      # DAGs    # Errors  Last Runtime    Last Run
--------------------------------  -----  ---------  --------  ----------  --------------  -------------------
/opt/airflow/dags/dag_spotify.py                           0           1  0.04s           2023-12-05T23:50:09
================================================================================
[2023-12-05T23:50:41.556+0000] {manager.py:887} INFO - 
================================================================================
DAG File Processing Stats

File Path                         PID    Runtime      # DAGs    # Errors  Last Runtime    Last Run
--------------------------------  -----  ---------  --------  ----------  --------------  -------------------
/opt/airflow/dags/dag_spotify.py                           0           1  0.06s           2023-12-05T23:50:39
================================================================================
[2023-12-05T23:51:11.873+0000] {manager.py:887} INFO - 
================================================================================
DAG File Processing Stats

File Path                         PID    Runtime      # DAGs    # Errors  Last Runtime    Last Run
--------------------------------  -----  ---------  --------  ----------  --------------  -------------------
/opt/airflow/dags/dag_spotify.py                           0           1  0.03s           2023-12-05T23:51:09
================================================================================
[2023-12-05T23:51:42.176+0000] {manager.py:887} INFO - 
================================================================================
DAG File Processing Stats

File Path                         PID    Runtime      # DAGs    # Errors  Last Runtime    Last Run
--------------------------------  -----  ---------  --------  ----------  --------------  -------------------
/opt/airflow/dags/dag_spotify.py                           0           1  0.06s           2023-12-05T23:51:40
================================================================================
[2023-12-05T23:52:12.511+0000] {manager.py:887} INFO - 
================================================================================
DAG File Processing Stats

File Path                         PID    Runtime      # DAGs    # Errors  Last Runtime    Last Run
--------------------------------  -----  ---------  --------  ----------  --------------  -------------------
/opt/airflow/dags/dag_spotify.py                           0           1  0.05s           2023-12-05T23:52:10
================================================================================
[2023-12-05T23:52:42.816+0000] {manager.py:887} INFO - 
================================================================================
DAG File Processing Stats

File Path                         PID    Runtime      # DAGs    # Errors  Last Runtime    Last Run
--------------------------------  -----  ---------  --------  ----------  --------------  -------------------
/opt/airflow/dags/dag_spotify.py                           0           1  0.05s           2023-12-05T23:52:40
================================================================================
[2023-12-05T23:53:13.156+0000] {manager.py:887} INFO - 
================================================================================
DAG File Processing Stats

File Path                         PID    Runtime      # DAGs    # Errors  Last Runtime    Last Run
--------------------------------  -----  ---------  --------  ----------  --------------  -------------------
/opt/airflow/dags/dag_spotify.py                           0           1  0.06s           2023-12-05T23:53:11
================================================================================
[2023-12-05T23:53:43.455+0000] {manager.py:887} INFO - 
================================================================================
DAG File Processing Stats

File Path                         PID    Runtime      # DAGs    # Errors  Last Runtime    Last Run
--------------------------------  -----  ---------  --------  ----------  --------------  -------------------
/opt/airflow/dags/dag_spotify.py                           0           1  0.05s           2023-12-05T23:53:41
================================================================================
[2023-12-05T23:54:13.830+0000] {manager.py:887} INFO - 
================================================================================
DAG File Processing Stats

File Path                         PID    Runtime      # DAGs    # Errors  Last Runtime    Last Run
--------------------------------  -----  ---------  --------  ----------  --------------  -------------------
/opt/airflow/dags/dag_spotify.py                           0           1  0.06s           2023-12-05T23:54:11
================================================================================
[2023-12-05T23:54:24.985+0000] {manager.py:755} INFO - Searching for files in /opt/airflow/dags
[2023-12-05T23:54:24.992+0000] {manager.py:758} INFO - There are 1 files in /opt/airflow/dags
[2023-12-05T23:54:44.255+0000] {manager.py:887} INFO - 
================================================================================
DAG File Processing Stats

File Path                         PID    Runtime      # DAGs    # Errors  Last Runtime    Last Run
--------------------------------  -----  ---------  --------  ----------  --------------  -------------------
/opt/airflow/dags/dag_spotify.py                           0           1  0.06s           2023-12-05T23:54:42
================================================================================
[2023-12-05T23:55:14.576+0000] {manager.py:887} INFO - 
================================================================================
DAG File Processing Stats

File Path                         PID    Runtime      # DAGs    # Errors  Last Runtime    Last Run
--------------------------------  -----  ---------  --------  ----------  --------------  -------------------
/opt/airflow/dags/dag_spotify.py                           0           1  0.06s           2023-12-05T23:55:12
================================================================================
[2023-12-05T23:55:44.939+0000] {manager.py:887} INFO - 
================================================================================
DAG File Processing Stats

File Path                         PID    Runtime      # DAGs    # Errors  Last Runtime    Last Run
--------------------------------  -----  ---------  --------  ----------  --------------  -------------------
/opt/airflow/dags/dag_spotify.py                           0           1  0.05s           2023-12-05T23:55:42
================================================================================
[2023-12-05T23:56:15.283+0000] {manager.py:887} INFO - 
================================================================================
DAG File Processing Stats

File Path                         PID    Runtime      # DAGs    # Errors  Last Runtime    Last Run
--------------------------------  -----  ---------  --------  ----------  --------------  -------------------
/opt/airflow/dags/dag_spotify.py                           0           1  0.05s           2023-12-05T23:56:13
================================================================================
[2023-12-05T23:56:45.628+0000] {manager.py:887} INFO - 
================================================================================
DAG File Processing Stats

File Path                         PID    Runtime      # DAGs    # Errors  Last Runtime    Last Run
--------------------------------  -----  ---------  --------  ----------  --------------  -------------------
/opt/airflow/dags/dag_spotify.py                           0           1  0.06s           2023-12-05T23:56:43
================================================================================
[2023-12-05T23:57:15.972+0000] {manager.py:887} INFO - 
================================================================================
DAG File Processing Stats

File Path                         PID    Runtime      # DAGs    # Errors  Last Runtime    Last Run
--------------------------------  -----  ---------  --------  ----------  --------------  -------------------
/opt/airflow/dags/dag_spotify.py                           0           1  0.06s           2023-12-05T23:57:13
================================================================================
[2023-12-05T23:57:46.356+0000] {manager.py:887} INFO - 
================================================================================
DAG File Processing Stats

File Path                         PID    Runtime      # DAGs    # Errors  Last Runtime    Last Run
--------------------------------  -----  ---------  --------  ----------  --------------  -------------------
/opt/airflow/dags/dag_spotify.py                           0           1  0.06s           2023-12-05T23:57:44
================================================================================
[2023-12-05T23:58:16.734+0000] {manager.py:887} INFO - 
================================================================================
DAG File Processing Stats

File Path                         PID    Runtime      # DAGs    # Errors  Last Runtime    Last Run
--------------------------------  -----  ---------  --------  ----------  --------------  -------------------
/opt/airflow/dags/dag_spotify.py                           0           1  0.05s           2023-12-05T23:58:14
================================================================================
[2023-12-05T23:58:47.102+0000] {manager.py:887} INFO - 
================================================================================
DAG File Processing Stats

File Path                         PID    Runtime      # DAGs    # Errors  Last Runtime    Last Run
--------------------------------  -----  ---------  --------  ----------  --------------  -------------------
/opt/airflow/dags/dag_spotify.py                           0           1  0.06s           2023-12-05T23:58:45
================================================================================
[2023-12-05T23:59:17.435+0000] {manager.py:887} INFO - 
================================================================================
DAG File Processing Stats

File Path                         PID    Runtime      # DAGs    # Errors  Last Runtime    Last Run
--------------------------------  -----  ---------  --------  ----------  --------------  -------------------
/opt/airflow/dags/dag_spotify.py                           0           1  0.06s           2023-12-05T23:59:15
================================================================================
[2023-12-05T23:59:25.504+0000] {manager.py:755} INFO - Searching for files in /opt/airflow/dags
[2023-12-05T23:59:25.509+0000] {manager.py:758} INFO - There are 1 files in /opt/airflow/dags
[2023-12-05T23:59:47.805+0000] {manager.py:887} INFO - 
================================================================================
DAG File Processing Stats

File Path                         PID    Runtime      # DAGs    # Errors  Last Runtime    Last Run
--------------------------------  -----  ---------  --------  ----------  --------------  -------------------
/opt/airflow/dags/dag_spotify.py                           0           1  0.06s           2023-12-05T23:59:45
================================================================================
[2023-12-06T00:00:18.163+0000] {manager.py:887} INFO - 
================================================================================
DAG File Processing Stats

File Path                         PID    Runtime      # DAGs    # Errors  Last Runtime    Last Run
--------------------------------  -----  ---------  --------  ----------  --------------  -------------------
/opt/airflow/dags/dag_spotify.py                           0           1  0.06s           2023-12-06T00:00:16
================================================================================
[2023-12-06T00:00:48.542+0000] {manager.py:887} INFO - 
================================================================================
DAG File Processing Stats

File Path                         PID    Runtime      # DAGs    # Errors  Last Runtime    Last Run
--------------------------------  -----  ---------  --------  ----------  --------------  -------------------
/opt/airflow/dags/dag_spotify.py                           0           1  0.06s           2023-12-06T00:00:46
================================================================================
[2023-12-06T00:01:18.929+0000] {manager.py:887} INFO - 
================================================================================
DAG File Processing Stats

File Path                         PID    Runtime      # DAGs    # Errors  Last Runtime    Last Run
--------------------------------  -----  ---------  --------  ----------  --------------  -------------------
/opt/airflow/dags/dag_spotify.py                           0           1  0.06s           2023-12-06T00:01:16
================================================================================
[2023-12-06T00:01:49.325+0000] {manager.py:887} INFO - 
================================================================================
DAG File Processing Stats

File Path                         PID    Runtime      # DAGs    # Errors  Last Runtime    Last Run
--------------------------------  -----  ---------  --------  ----------  --------------  -------------------
/opt/airflow/dags/dag_spotify.py                           0           1  0.06s           2023-12-06T00:01:47
================================================================================
[2023-12-06T00:02:19.674+0000] {manager.py:887} INFO - 
================================================================================
DAG File Processing Stats

File Path                         PID    Runtime      # DAGs    # Errors  Last Runtime    Last Run
--------------------------------  -----  ---------  --------  ----------  --------------  -------------------
/opt/airflow/dags/dag_spotify.py                           0           1  0.06s           2023-12-06T00:02:17
================================================================================
[2023-12-06T00:02:50.050+0000] {manager.py:887} INFO - 
================================================================================
DAG File Processing Stats

File Path                         PID    Runtime      # DAGs    # Errors  Last Runtime    Last Run
--------------------------------  -----  ---------  --------  ----------  --------------  -------------------
/opt/airflow/dags/dag_spotify.py                           0           1  0.06s           2023-12-06T00:02:48
================================================================================
[2023-12-06T00:03:20.422+0000] {manager.py:887} INFO - 
================================================================================
DAG File Processing Stats

File Path                         PID    Runtime      # DAGs    # Errors  Last Runtime    Last Run
--------------------------------  -----  ---------  --------  ----------  --------------  -------------------
/opt/airflow/dags/dag_spotify.py                           0           1  0.06s           2023-12-06T00:03:18
================================================================================
[2023-12-06T00:03:50.781+0000] {manager.py:887} INFO - 
================================================================================
DAG File Processing Stats

File Path                         PID    Runtime      # DAGs    # Errors  Last Runtime    Last Run
--------------------------------  -----  ---------  --------  ----------  --------------  -------------------
/opt/airflow/dags/dag_spotify.py                           0           1  0.05s           2023-12-06T00:03:48
================================================================================
[2023-12-06T00:04:21.173+0000] {manager.py:887} INFO - 
================================================================================
DAG File Processing Stats

File Path                         PID    Runtime      # DAGs    # Errors  Last Runtime    Last Run
--------------------------------  -----  ---------  --------  ----------  --------------  -------------------
/opt/airflow/dags/dag_spotify.py                           0           1  0.06s           2023-12-06T00:04:19
================================================================================
[2023-12-06T00:04:26.228+0000] {manager.py:755} INFO - Searching for files in /opt/airflow/dags
[2023-12-06T00:04:26.237+0000] {manager.py:758} INFO - There are 1 files in /opt/airflow/dags
[2023-12-06T00:04:51.530+0000] {manager.py:887} INFO - 
================================================================================
DAG File Processing Stats

File Path                         PID    Runtime      # DAGs    # Errors  Last Runtime    Last Run
--------------------------------  -----  ---------  --------  ----------  --------------  -------------------
/opt/airflow/dags/dag_spotify.py                           0           1  0.06s           2023-12-06T00:04:49
================================================================================
[2023-12-06T00:05:21.867+0000] {manager.py:887} INFO - 
================================================================================
DAG File Processing Stats

File Path                         PID    Runtime      # DAGs    # Errors  Last Runtime    Last Run
--------------------------------  -----  ---------  --------  ----------  --------------  -------------------
/opt/airflow/dags/dag_spotify.py                           0           1  0.04s           2023-12-06T00:05:19
================================================================================
[2023-12-06T00:05:52.220+0000] {manager.py:887} INFO - 
================================================================================
DAG File Processing Stats

File Path                         PID    Runtime      # DAGs    # Errors  Last Runtime    Last Run
--------------------------------  -----  ---------  --------  ----------  --------------  -------------------
/opt/airflow/dags/dag_spotify.py                           0           1  0.05s           2023-12-06T00:05:50
================================================================================
[2023-12-06T00:06:22.602+0000] {manager.py:887} INFO - 
================================================================================
DAG File Processing Stats

File Path                         PID    Runtime      # DAGs    # Errors  Last Runtime    Last Run
--------------------------------  -----  ---------  --------  ----------  --------------  -------------------
/opt/airflow/dags/dag_spotify.py                           0           1  0.06s           2023-12-06T00:06:20
================================================================================
[2023-12-06T00:06:52.970+0000] {manager.py:887} INFO - 
================================================================================
DAG File Processing Stats

File Path                         PID    Runtime      # DAGs    # Errors  Last Runtime    Last Run
--------------------------------  -----  ---------  --------  ----------  --------------  -------------------
/opt/airflow/dags/dag_spotify.py                           0           1  0.06s           2023-12-06T00:06:50
================================================================================
[2023-12-06T00:07:23.291+0000] {manager.py:887} INFO - 
================================================================================
DAG File Processing Stats

File Path                         PID    Runtime      # DAGs    # Errors  Last Runtime    Last Run
--------------------------------  -----  ---------  --------  ----------  --------------  -------------------
/opt/airflow/dags/dag_spotify.py                           0           1  0.05s           2023-12-06T00:07:21
================================================================================
[2023-12-06T00:07:53.688+0000] {manager.py:887} INFO - 
================================================================================
DAG File Processing Stats

File Path                         PID    Runtime      # DAGs    # Errors  Last Runtime    Last Run
--------------------------------  -----  ---------  --------  ----------  --------------  -------------------
/opt/airflow/dags/dag_spotify.py                           0           1  0.06s           2023-12-06T00:07:44
================================================================================
[2023-12-06T00:08:14.034+0000] {manager.py:469} INFO - Exiting gracefully upon receiving signal 15
[2023-12-06T00:09:18.638+0000] {manager.py:487} INFO - Processing files using up to 2 processes at a time 
[2023-12-06T00:09:18.640+0000] {manager.py:488} INFO - Process each file at most once every 10 seconds
[2023-12-06T00:09:18.640+0000] {manager.py:489} INFO - Checking for new files in /opt/airflow/dags every 300 seconds
[2023-12-06T00:09:18.640+0000] {manager.py:755} INFO - Searching for files in /opt/airflow/dags
[2023-12-06T00:09:18.643+0000] {manager.py:758} INFO - There are 1 files in /opt/airflow/dags
[2023-12-06T00:09:18.713+0000] {manager.py:887} INFO - 
================================================================================
DAG File Processing Stats

File Path                           PID  Runtime      # DAGs    # Errors  Last Runtime    Last Run
--------------------------------  -----  ---------  --------  ----------  --------------  ----------
/opt/airflow/dags/dag_spotify.py    170  0.02s             0           0
================================================================================
[2023-12-06T00:09:49.020+0000] {manager.py:887} INFO - 
================================================================================
DAG File Processing Stats

File Path                           PID  Runtime      # DAGs    # Errors  Last Runtime    Last Run
--------------------------------  -----  ---------  --------  ----------  --------------  -------------------
/opt/airflow/dags/dag_spotify.py    185  0.01s             0           1  0.06s           2023-12-06T00:09:38
================================================================================
[2023-12-06T00:10:19.220+0000] {manager.py:887} INFO - 
================================================================================
DAG File Processing Stats

File Path                         PID    Runtime      # DAGs    # Errors  Last Runtime    Last Run
--------------------------------  -----  ---------  --------  ----------  --------------  -------------------
/opt/airflow/dags/dag_spotify.py                           0           1  0.25s           2023-12-06T00:10:18
================================================================================
[2023-12-06T00:10:49.310+0000] {manager.py:887} INFO - 
================================================================================
DAG File Processing Stats

File Path                         PID    Runtime      # DAGs    # Errors  Last Runtime    Last Run
--------------------------------  -----  ---------  --------  ----------  --------------  -------------------
/opt/airflow/dags/dag_spotify.py                           0           1  0.26s           2023-12-06T00:10:49
================================================================================
[2023-12-06T00:11:19.860+0000] {manager.py:887} INFO - 
================================================================================
DAG File Processing Stats

File Path                           PID  Runtime      # DAGs    # Errors  Last Runtime    Last Run
--------------------------------  -----  ---------  --------  ----------  --------------  -------------------
/opt/airflow/dags/dag_spotify.py    243  0.01s             0           1  0.26s           2023-12-06T00:11:10
================================================================================
[2023-12-06T00:11:50.041+0000] {manager.py:887} INFO - 
================================================================================
DAG File Processing Stats

File Path                           PID  Runtime      # DAGs    # Errors  Last Runtime    Last Run
--------------------------------  -----  ---------  --------  ----------  --------------  -------------------
/opt/airflow/dags/dag_spotify.py    273  0.01s             1           0  0.26s           2023-12-06T00:11:39
================================================================================
[2023-12-06T00:12:20.159+0000] {manager.py:887} INFO - 
================================================================================
DAG File Processing Stats

File Path                         PID    Runtime      # DAGs    # Errors  Last Runtime    Last Run
--------------------------------  -----  ---------  --------  ----------  --------------  -------------------
/opt/airflow/dags/dag_spotify.py                           1           0  0.29s           2023-12-06T00:12:11
================================================================================
[2023-12-06T00:12:50.269+0000] {manager.py:887} INFO - 
================================================================================
DAG File Processing Stats

File Path                         PID    Runtime      # DAGs    # Errors  Last Runtime    Last Run
--------------------------------  -----  ---------  --------  ----------  --------------  -------------------
/opt/airflow/dags/dag_spotify.py                           1           0  0.30s           2023-12-06T00:12:42
================================================================================
[2023-12-06T00:13:20.426+0000] {manager.py:887} INFO - 
================================================================================
DAG File Processing Stats

File Path                         PID    Runtime      # DAGs    # Errors  Last Runtime    Last Run
--------------------------------  -----  ---------  --------  ----------  --------------  -------------------
/opt/airflow/dags/dag_spotify.py                           1           0  0.29s           2023-12-06T00:13:13
================================================================================
[2023-12-06T00:13:50.559+0000] {manager.py:887} INFO - 
================================================================================
DAG File Processing Stats

File Path                         PID    Runtime      # DAGs    # Errors  Last Runtime    Last Run
--------------------------------  -----  ---------  --------  ----------  --------------  -------------------
/opt/airflow/dags/dag_spotify.py                           1           0  0.29s           2023-12-06T00:13:44
================================================================================
[2023-12-06T00:14:18.718+0000] {manager.py:755} INFO - Searching for files in /opt/airflow/dags
[2023-12-06T00:14:18.725+0000] {manager.py:758} INFO - There are 1 files in /opt/airflow/dags
[2023-12-06T00:14:20.752+0000] {manager.py:887} INFO - 
================================================================================
DAG File Processing Stats

File Path                         PID    Runtime      # DAGs    # Errors  Last Runtime    Last Run
--------------------------------  -----  ---------  --------  ----------  --------------  -------------------
/opt/airflow/dags/dag_spotify.py                           1           0  0.30s           2023-12-06T00:14:15
================================================================================
[2023-12-06T00:14:50.896+0000] {manager.py:887} INFO - 
================================================================================
DAG File Processing Stats

File Path                         PID    Runtime      # DAGs    # Errors  Last Runtime    Last Run
--------------------------------  -----  ---------  --------  ----------  --------------  -------------------
/opt/airflow/dags/dag_spotify.py                           1           0  0.28s           2023-12-06T00:14:46
================================================================================
[2023-12-06T00:15:21.017+0000] {manager.py:887} INFO - 
================================================================================
DAG File Processing Stats

File Path                         PID    Runtime      # DAGs    # Errors  Last Runtime    Last Run
--------------------------------  -----  ---------  --------  ----------  --------------  -------------------
/opt/airflow/dags/dag_spotify.py                           1           0  0.27s           2023-12-06T00:15:17
================================================================================
[2023-12-06T00:15:51.222+0000] {manager.py:887} INFO - 
================================================================================
DAG File Processing Stats

File Path                         PID    Runtime      # DAGs    # Errors  Last Runtime    Last Run
--------------------------------  -----  ---------  --------  ----------  --------------  -------------------
/opt/airflow/dags/dag_spotify.py                           1           0  0.29s           2023-12-06T00:15:49
================================================================================
[2023-12-06T00:16:21.350+0000] {manager.py:887} INFO - 
================================================================================
DAG File Processing Stats

File Path                         PID    Runtime      # DAGs    # Errors  Last Runtime    Last Run
--------------------------------  -----  ---------  --------  ----------  --------------  -------------------
/opt/airflow/dags/dag_spotify.py                           1           0  0.29s           2023-12-06T00:16:19
================================================================================
[2023-12-06T00:16:51.443+0000] {manager.py:887} INFO - 
================================================================================
DAG File Processing Stats

File Path                         PID    Runtime      # DAGs    # Errors  Last Runtime    Last Run
--------------------------------  -----  ---------  --------  ----------  --------------  -------------------
/opt/airflow/dags/dag_spotify.py                           1           0  0.31s           2023-12-06T00:16:50
================================================================================
[2023-12-06T00:17:22.331+0000] {manager.py:887} INFO - 
================================================================================
DAG File Processing Stats

File Path                         PID    Runtime      # DAGs    # Errors  Last Runtime    Last Run
--------------------------------  -----  ---------  --------  ----------  --------------  -------------------
/opt/airflow/dags/dag_spotify.py                           1           0  0.27s           2023-12-06T00:17:17
================================================================================
[2023-12-06T00:17:32.600+0000] {manager.py:469} INFO - Exiting gracefully upon receiving signal 15
[2023-12-06T00:17:50.302+0000] {manager.py:487} INFO - Processing files using up to 2 processes at a time 
[2023-12-06T00:17:50.303+0000] {manager.py:488} INFO - Process each file at most once every 10 seconds
[2023-12-06T00:17:50.303+0000] {manager.py:489} INFO - Checking for new files in /opt/airflow/dags every 300 seconds
[2023-12-06T00:17:50.304+0000] {manager.py:755} INFO - Searching for files in /opt/airflow/dags
[2023-12-06T00:17:50.306+0000] {manager.py:758} INFO - There are 1 files in /opt/airflow/dags
[2023-12-06T00:17:50.360+0000] {manager.py:887} INFO - 
================================================================================
DAG File Processing Stats

File Path                           PID  Runtime      # DAGs    # Errors  Last Runtime    Last Run
--------------------------------  -----  ---------  --------  ----------  --------------  ----------
/opt/airflow/dags/dag_spotify.py    170  0.02s             0           0
================================================================================
[2023-12-06T00:17:52.587+0000] {manager.py:469} INFO - Exiting gracefully upon receiving signal 15
[2023-12-06T00:18:18.653+0000] {manager.py:487} INFO - Processing files using up to 2 processes at a time 
[2023-12-06T00:18:18.653+0000] {manager.py:488} INFO - Process each file at most once every 10 seconds
[2023-12-06T00:18:18.653+0000] {manager.py:489} INFO - Checking for new files in /opt/airflow/dags every 300 seconds
[2023-12-06T00:18:18.653+0000] {manager.py:755} INFO - Searching for files in /opt/airflow/dags
[2023-12-06T00:18:18.655+0000] {manager.py:758} INFO - There are 1 files in /opt/airflow/dags
[2023-12-06T00:18:18.698+0000] {manager.py:887} INFO - 
================================================================================
DAG File Processing Stats

File Path                           PID  Runtime      # DAGs    # Errors  Last Runtime    Last Run
--------------------------------  -----  ---------  --------  ----------  --------------  ----------
/opt/airflow/dags/dag_spotify.py    170  0.02s             0           0
================================================================================
[2023-12-06T00:18:48.938+0000] {manager.py:887} INFO - 
================================================================================
DAG File Processing Stats

File Path                         PID    Runtime      # DAGs    # Errors  Last Runtime    Last Run
--------------------------------  -----  ---------  --------  ----------  --------------  -------------------
/opt/airflow/dags/dag_spotify.py                           1           0  0.26s           2023-12-06T00:18:40
================================================================================
[2023-12-06T00:19:19.065+0000] {manager.py:887} INFO - 
================================================================================
DAG File Processing Stats

File Path                         PID    Runtime      # DAGs    # Errors  Last Runtime    Last Run
--------------------------------  -----  ---------  --------  ----------  --------------  -------------------
/opt/airflow/dags/dag_spotify.py                           1           0  0.29s           2023-12-06T00:19:11
================================================================================
[2023-12-06T00:19:49.176+0000] {manager.py:887} INFO - 
================================================================================
DAG File Processing Stats

File Path                         PID    Runtime      # DAGs    # Errors  Last Runtime    Last Run
--------------------------------  -----  ---------  --------  ----------  --------------  -------------------
/opt/airflow/dags/dag_spotify.py                           1           0  0.31s           2023-12-06T00:19:42
================================================================================
[2023-12-06T00:20:19.282+0000] {manager.py:887} INFO - 
================================================================================
DAG File Processing Stats

File Path                         PID    Runtime      # DAGs    # Errors  Last Runtime    Last Run
--------------------------------  -----  ---------  --------  ----------  --------------  -------------------
/opt/airflow/dags/dag_spotify.py                           0           1  0.28s           2023-12-06T00:20:12
================================================================================
[2023-12-06T00:20:44.606+0000] {manager.py:469} INFO - Exiting gracefully upon receiving signal 15
[2023-12-06T00:21:07.071+0000] {manager.py:487} INFO - Processing files using up to 2 processes at a time 
[2023-12-06T00:21:07.072+0000] {manager.py:488} INFO - Process each file at most once every 10 seconds
[2023-12-06T00:21:07.072+0000] {manager.py:489} INFO - Checking for new files in /opt/airflow/dags every 300 seconds
[2023-12-06T00:21:07.072+0000] {manager.py:755} INFO - Searching for files in /opt/airflow/dags
[2023-12-06T00:21:07.074+0000] {manager.py:758} INFO - There are 1 files in /opt/airflow/dags
[2023-12-06T00:21:07.117+0000] {manager.py:887} INFO - 
================================================================================
DAG File Processing Stats

File Path                           PID  Runtime      # DAGs    # Errors  Last Runtime    Last Run
--------------------------------  -----  ---------  --------  ----------  --------------  ----------
/opt/airflow/dags/dag_spotify.py    170  0.02s             0           0
================================================================================
[2023-12-06T00:21:37.296+0000] {manager.py:887} INFO - 
================================================================================
DAG File Processing Stats

File Path                         PID    Runtime      # DAGs    # Errors  Last Runtime    Last Run
--------------------------------  -----  ---------  --------  ----------  --------------  -------------------
/opt/airflow/dags/dag_spotify.py                           0           1  0.24s           2023-12-06T00:21:28
================================================================================
[2023-12-06T00:22:07.379+0000] {manager.py:887} INFO - 
================================================================================
DAG File Processing Stats

File Path                         PID    Runtime      # DAGs    # Errors  Last Runtime    Last Run
--------------------------------  -----  ---------  --------  ----------  --------------  -------------------
/opt/airflow/dags/dag_spotify.py                           0           1  0.28s           2023-12-06T00:21:59
================================================================================
[2023-12-06T00:22:37.478+0000] {manager.py:887} INFO - 
================================================================================
DAG File Processing Stats

File Path                         PID    Runtime      # DAGs    # Errors  Last Runtime    Last Run
--------------------------------  -----  ---------  --------  ----------  --------------  -------------------
/opt/airflow/dags/dag_spotify.py                           0           1  0.27s           2023-12-06T00:22:30
================================================================================
[2023-12-06T00:23:07.579+0000] {manager.py:887} INFO - 
================================================================================
DAG File Processing Stats

File Path                         PID    Runtime      # DAGs    # Errors  Last Runtime    Last Run
--------------------------------  -----  ---------  --------  ----------  --------------  -------------------
/opt/airflow/dags/dag_spotify.py                           0           1  0.27s           2023-12-06T00:23:01
================================================================================
[2023-12-06T00:23:37.639+0000] {manager.py:887} INFO - 
================================================================================
DAG File Processing Stats

File Path                         PID    Runtime      # DAGs    # Errors  Last Runtime    Last Run
--------------------------------  -----  ---------  --------  ----------  --------------  -------------------
/opt/airflow/dags/dag_spotify.py                           0           1  0.28s           2023-12-06T00:23:32
================================================================================
[2023-12-06T00:24:07.731+0000] {manager.py:887} INFO - 
================================================================================
DAG File Processing Stats

File Path                         PID    Runtime      # DAGs    # Errors  Last Runtime    Last Run
--------------------------------  -----  ---------  --------  ----------  --------------  -------------------
/opt/airflow/dags/dag_spotify.py                           0           1  0.27s           2023-12-06T00:24:03
================================================================================
[2023-12-06T00:24:37.878+0000] {manager.py:887} INFO - 
================================================================================
DAG File Processing Stats

File Path                         PID    Runtime      # DAGs    # Errors  Last Runtime    Last Run
--------------------------------  -----  ---------  --------  ----------  --------------  -------------------
/opt/airflow/dags/dag_spotify.py                           0           1  0.27s           2023-12-06T00:24:35
================================================================================
[2023-12-06T00:25:07.981+0000] {manager.py:887} INFO - 
================================================================================
DAG File Processing Stats

File Path                         PID    Runtime      # DAGs    # Errors  Last Runtime    Last Run
--------------------------------  -----  ---------  --------  ----------  --------------  -------------------
/opt/airflow/dags/dag_spotify.py                           0           1  0.27s           2023-12-06T00:25:06
================================================================================
[2023-12-06T00:25:38.089+0000] {manager.py:887} INFO - 
================================================================================
DAG File Processing Stats

File Path                         PID    Runtime      # DAGs    # Errors  Last Runtime    Last Run
--------------------------------  -----  ---------  --------  ----------  --------------  -------------------
/opt/airflow/dags/dag_spotify.py                           0           1  0.28s           2023-12-06T00:25:37
================================================================================
[2023-12-06T00:26:07.174+0000] {manager.py:755} INFO - Searching for files in /opt/airflow/dags
[2023-12-06T00:26:07.183+0000] {manager.py:758} INFO - There are 1 files in /opt/airflow/dags
[2023-12-06T00:26:08.206+0000] {manager.py:887} INFO - 
================================================================================
DAG File Processing Stats

File Path                           PID  Runtime      # DAGs    # Errors  Last Runtime    Last Run
--------------------------------  -----  ---------  --------  ----------  --------------  -------------------
/opt/airflow/dags/dag_spotify.py    344  0.00s             0           1  0.27s           2023-12-06T00:25:58
================================================================================
[2023-12-06T00:26:38.316+0000] {manager.py:887} INFO - 
================================================================================
DAG File Processing Stats

File Path                         PID    Runtime      # DAGs    # Errors  Last Runtime    Last Run
--------------------------------  -----  ---------  --------  ----------  --------------  -------------------
/opt/airflow/dags/dag_spotify.py                           0           1  0.27s           2023-12-06T00:26:29
================================================================================
[2023-12-06T00:27:08.447+0000] {manager.py:887} INFO - 
================================================================================
DAG File Processing Stats

File Path                         PID    Runtime      # DAGs    # Errors  Last Runtime    Last Run
--------------------------------  -----  ---------  --------  ----------  --------------  -------------------
/opt/airflow/dags/dag_spotify.py                           0           1  0.28s           2023-12-06T00:27:00
================================================================================
[2023-12-06T00:27:38.555+0000] {manager.py:887} INFO - 
================================================================================
DAG File Processing Stats

File Path                         PID    Runtime      # DAGs    # Errors  Last Runtime    Last Run
--------------------------------  -----  ---------  --------  ----------  --------------  -------------------
/opt/airflow/dags/dag_spotify.py                           0           1  0.28s           2023-12-06T00:27:31
================================================================================
[2023-12-06T00:28:08.662+0000] {manager.py:887} INFO - 
================================================================================
DAG File Processing Stats

File Path                         PID    Runtime      # DAGs    # Errors  Last Runtime    Last Run
--------------------------------  -----  ---------  --------  ----------  --------------  -------------------
/opt/airflow/dags/dag_spotify.py                           0           1  0.29s           2023-12-06T00:28:02
================================================================================
[2023-12-06T00:28:38.810+0000] {manager.py:887} INFO - 
================================================================================
DAG File Processing Stats

File Path                         PID    Runtime      # DAGs    # Errors  Last Runtime    Last Run
--------------------------------  -----  ---------  --------  ----------  --------------  -------------------
/opt/airflow/dags/dag_spotify.py                           0           1  0.27s           2023-12-06T00:28:33
================================================================================
[2023-12-06T00:29:08.923+0000] {manager.py:887} INFO - 
================================================================================
DAG File Processing Stats

File Path                         PID    Runtime      # DAGs    # Errors  Last Runtime    Last Run
--------------------------------  -----  ---------  --------  ----------  --------------  -------------------
/opt/airflow/dags/dag_spotify.py                           0           1  0.27s           2023-12-06T00:29:04
================================================================================
[2023-12-06T00:29:38.987+0000] {manager.py:887} INFO - 
================================================================================
DAG File Processing Stats

File Path                         PID    Runtime      # DAGs    # Errors  Last Runtime    Last Run
--------------------------------  -----  ---------  --------  ----------  --------------  -------------------
/opt/airflow/dags/dag_spotify.py                           0           1  0.24s           2023-12-06T00:29:35
================================================================================
[2023-12-06T00:30:09.065+0000] {manager.py:887} INFO - 
================================================================================
DAG File Processing Stats

File Path                         PID    Runtime      # DAGs    # Errors  Last Runtime    Last Run
--------------------------------  -----  ---------  --------  ----------  --------------  -------------------
/opt/airflow/dags/dag_spotify.py                           0           1  0.26s           2023-12-06T00:30:07
================================================================================
[2023-12-06T00:30:39.185+0000] {manager.py:887} INFO - 
================================================================================
DAG File Processing Stats

File Path                         PID    Runtime      # DAGs    # Errors  Last Runtime    Last Run
--------------------------------  -----  ---------  --------  ----------  --------------  -------------------
/opt/airflow/dags/dag_spotify.py                           0           1  0.26s           2023-12-06T00:30:38
================================================================================
[2023-12-06T00:31:07.704+0000] {manager.py:755} INFO - Searching for files in /opt/airflow/dags
[2023-12-06T00:31:07.714+0000] {manager.py:758} INFO - There are 1 files in /opt/airflow/dags
[2023-12-06T00:31:09.245+0000] {manager.py:887} INFO - 
================================================================================
DAG File Processing Stats

File Path                         PID    Runtime      # DAGs    # Errors  Last Runtime    Last Run
--------------------------------  -----  ---------  --------  ----------  --------------  -------------------
/opt/airflow/dags/dag_spotify.py                           0           1  0.26s           2023-12-06T00:31:09
================================================================================
[2023-12-06T00:31:39.815+0000] {manager.py:887} INFO - 
================================================================================
DAG File Processing Stats

File Path                         PID    Runtime      # DAGs    # Errors  Last Runtime    Last Run
--------------------------------  -----  ---------  --------  ----------  --------------  -------------------
/opt/airflow/dags/dag_spotify.py                           0           1  0.27s           2023-12-06T00:31:29
================================================================================
[2023-12-06T00:32:10.072+0000] {manager.py:887} INFO - 
================================================================================
DAG File Processing Stats

File Path                         PID    Runtime      # DAGs    # Errors  Last Runtime    Last Run
--------------------------------  -----  ---------  --------  ----------  --------------  -------------------
/opt/airflow/dags/dag_spotify.py                           0           1  0.27s           2023-12-06T00:32:00
================================================================================
[2023-12-06T00:32:17.186+0000] {manager.py:469} INFO - Exiting gracefully upon receiving signal 15
[2023-12-06T00:32:38.015+0000] {manager.py:487} INFO - Processing files using up to 2 processes at a time 
[2023-12-06T00:32:38.016+0000] {manager.py:488} INFO - Process each file at most once every 10 seconds
[2023-12-06T00:32:38.016+0000] {manager.py:489} INFO - Checking for new files in /opt/airflow/dags every 300 seconds
[2023-12-06T00:32:38.016+0000] {manager.py:755} INFO - Searching for files in /opt/airflow/dags
[2023-12-06T00:32:38.019+0000] {manager.py:758} INFO - There are 1 files in /opt/airflow/dags
[2023-12-06T00:32:38.062+0000] {manager.py:887} INFO - 
================================================================================
DAG File Processing Stats

File Path                           PID  Runtime      # DAGs    # Errors  Last Runtime    Last Run
--------------------------------  -----  ---------  --------  ----------  --------------  ----------
/opt/airflow/dags/dag_spotify.py    169  0.02s             0           0
================================================================================
[2023-12-06T00:32:53.650+0000] {manager.py:469} INFO - Exiting gracefully upon receiving signal 15
[2023-12-06T00:33:10.896+0000] {manager.py:487} INFO - Processing files using up to 2 processes at a time 
[2023-12-06T00:33:10.897+0000] {manager.py:488} INFO - Process each file at most once every 10 seconds
[2023-12-06T00:33:10.897+0000] {manager.py:489} INFO - Checking for new files in /opt/airflow/dags every 300 seconds
[2023-12-06T00:33:10.897+0000] {manager.py:755} INFO - Searching for files in /opt/airflow/dags
[2023-12-06T00:33:10.900+0000] {manager.py:758} INFO - There are 1 files in /opt/airflow/dags
[2023-12-06T00:33:10.942+0000] {manager.py:887} INFO - 
================================================================================
DAG File Processing Stats

File Path                           PID  Runtime      # DAGs    # Errors  Last Runtime    Last Run
--------------------------------  -----  ---------  --------  ----------  --------------  ----------
/opt/airflow/dags/dag_spotify.py    170  0.02s             0           0
================================================================================
[2023-12-06T00:33:41.208+0000] {manager.py:887} INFO - 
================================================================================
DAG File Processing Stats

File Path                         PID    Runtime      # DAGs    # Errors  Last Runtime    Last Run
--------------------------------  -----  ---------  --------  ----------  --------------  -------------------
/opt/airflow/dags/dag_spotify.py                           1           0  0.29s           2023-12-06T00:33:32
================================================================================
[2023-12-06T00:34:11.328+0000] {manager.py:887} INFO - 
================================================================================
DAG File Processing Stats

File Path                         PID    Runtime      # DAGs    # Errors  Last Runtime    Last Run
--------------------------------  -----  ---------  --------  ----------  --------------  -------------------
/opt/airflow/dags/dag_spotify.py                           1           0  0.29s           2023-12-06T00:34:03
================================================================================
[2023-12-06T00:34:41.462+0000] {manager.py:887} INFO - 
================================================================================
DAG File Processing Stats

File Path                         PID    Runtime      # DAGs    # Errors  Last Runtime    Last Run
--------------------------------  -----  ---------  --------  ----------  --------------  -------------------
/opt/airflow/dags/dag_spotify.py                           1           0  0.31s           2023-12-06T00:34:34
================================================================================
[2023-12-06T00:35:11.615+0000] {manager.py:887} INFO - 
================================================================================
DAG File Processing Stats

File Path                         PID    Runtime      # DAGs    # Errors  Last Runtime    Last Run
--------------------------------  -----  ---------  --------  ----------  --------------  -------------------
/opt/airflow/dags/dag_spotify.py                           1           0  0.28s           2023-12-06T00:35:05
================================================================================
[2023-12-06T00:35:41.723+0000] {manager.py:887} INFO - 
================================================================================
DAG File Processing Stats

File Path                         PID    Runtime      # DAGs    # Errors  Last Runtime    Last Run
--------------------------------  -----  ---------  --------  ----------  --------------  -------------------
/opt/airflow/dags/dag_spotify.py                           1           0  0.29s           2023-12-06T00:35:36
================================================================================
[2023-12-06T00:36:07.918+0000] {manager.py:469} INFO - Exiting gracefully upon receiving signal 15
[2023-12-06T00:36:07.917+0000] {manager.py:469} INFO - Exiting gracefully upon receiving signal 15
[2023-12-06T00:36:08.023+0000] {manager.py:469} INFO - Exiting gracefully upon receiving signal 15
