[2023-12-06T00:33:37.466+0000] {taskinstance.py:1159} INFO - Dependencies all met for dep_context=non-requeueable deps ti=<TaskInstance: dag_spotify.main_func manual__2023-12-06T00:33:35.434282+00:00 [queued]>
[2023-12-06T00:33:37.470+0000] {taskinstance.py:1159} INFO - Dependencies all met for dep_context=requeueable deps ti=<TaskInstance: dag_spotify.main_func manual__2023-12-06T00:33:35.434282+00:00 [queued]>
[2023-12-06T00:33:37.471+0000] {taskinstance.py:1361} INFO - Starting attempt 1 of 4
[2023-12-06T00:33:37.477+0000] {taskinstance.py:1382} INFO - Executing <Task(PythonOperator): main_func> on 2023-12-06 00:33:35.434282+00:00
[2023-12-06T00:33:37.479+0000] {standard_task_runner.py:57} INFO - Started process 192 to run task
[2023-12-06T00:33:37.482+0000] {standard_task_runner.py:84} INFO - Running: ['***', 'tasks', 'run', 'dag_spotify', 'main_func', 'manual__2023-12-06T00:33:35.434282+00:00', '--job-id', '25', '--raw', '--subdir', 'DAGS_FOLDER/dag_spotify.py', '--cfg-path', '/tmp/tmpsc_necg1']
[2023-12-06T00:33:37.484+0000] {standard_task_runner.py:85} INFO - Job 25: Subtask main_func
[2023-12-06T00:33:37.511+0000] {task_command.py:416} INFO - Running <TaskInstance: dag_spotify.main_func manual__2023-12-06T00:33:35.434282+00:00 [running]> on host 3ceac54b7417
[2023-12-06T00:33:37.554+0000] {taskinstance.py:1662} INFO - Exporting env vars: AIRFLOW_CTX_DAG_OWNER='***' AIRFLOW_CTX_DAG_ID='dag_spotify' AIRFLOW_CTX_TASK_ID='main_func' AIRFLOW_CTX_EXECUTION_DATE='2023-12-06T00:33:35.434282+00:00' AIRFLOW_CTX_TRY_NUMBER='1' AIRFLOW_CTX_DAG_RUN_ID='manual__2023-12-06T00:33:35.434282+00:00'
[2023-12-06T00:33:38.974+0000] {logging_mixin.py:154} WARNING - /opt/***/scripts/main.py:82 SettingWithCopyWarning: 
A value is trying to be set on a copy of a slice from a DataFrame.
Try using .loc[row_indexer,col_indexer] = value instead

See the caveats in the documentation: https://pandas.pydata.org/pandas-docs/stable/user_guide/indexing.html#returning-a-view-versus-a-copy
[2023-12-06T00:33:38.976+0000] {logging_mixin.py:154} WARNING - /opt/***/scripts/main.py:83 SettingWithCopyWarning: 
A value is trying to be set on a copy of a slice from a DataFrame.
Try using .loc[row_indexer,col_indexer] = value instead

See the caveats in the documentation: https://pandas.pydata.org/pandas-docs/stable/user_guide/indexing.html#returning-a-view-versus-a-copy
[2023-12-06T00:33:38.978+0000] {logging_mixin.py:154} WARNING - /opt/***/scripts/main.py:85 SettingWithCopyWarning: 
A value is trying to be set on a copy of a slice from a DataFrame.
Try using .loc[row_indexer,col_indexer] = value instead

See the caveats in the documentation: https://pandas.pydata.org/pandas-docs/stable/user_guide/indexing.html#returning-a-view-versus-a-copy
[2023-12-06T00:33:42.909+0000] {python.py:194} INFO - Done. Returned value was: None
[2023-12-06T00:33:42.920+0000] {taskinstance.py:1400} INFO - Marking task as SUCCESS. dag_id=dag_spotify, task_id=main_func, execution_date=20231206T003335, start_date=20231206T003337, end_date=20231206T003342
[2023-12-06T00:33:42.938+0000] {local_task_job_runner.py:228} INFO - Task exited with return code 0
[2023-12-06T00:33:42.951+0000] {taskinstance.py:2778} INFO - 0 downstream tasks scheduled from follow-on schedule check
