[2023-12-06T00:35:50.164+0000] {taskinstance.py:1159} INFO - Dependencies all met for dep_context=non-requeueable deps ti=<TaskInstance: dag_spotify.main_func scheduled__2023-12-05T23:00:00+00:00 [queued]>
[2023-12-06T00:35:50.169+0000] {taskinstance.py:1159} INFO - Dependencies all met for dep_context=requeueable deps ti=<TaskInstance: dag_spotify.main_func scheduled__2023-12-05T23:00:00+00:00 [queued]>
[2023-12-06T00:35:50.169+0000] {taskinstance.py:1361} INFO - Starting attempt 3 of 4
[2023-12-06T00:35:50.175+0000] {taskinstance.py:1382} INFO - Executing <Task(PythonOperator): main_func> on 2023-12-05 23:00:00+00:00
[2023-12-06T00:35:50.178+0000] {standard_task_runner.py:57} INFO - Started process 286 to run task
[2023-12-06T00:35:50.180+0000] {standard_task_runner.py:84} INFO - Running: ['***', 'tasks', 'run', 'dag_spotify', 'main_func', 'scheduled__2023-12-05T23:00:00+00:00', '--job-id', '29', '--raw', '--subdir', 'DAGS_FOLDER/dag_spotify.py', '--cfg-path', '/tmp/tmpug0d7k81']
[2023-12-06T00:35:50.181+0000] {standard_task_runner.py:85} INFO - Job 29: Subtask main_func
[2023-12-06T00:35:50.209+0000] {task_command.py:416} INFO - Running <TaskInstance: dag_spotify.main_func scheduled__2023-12-05T23:00:00+00:00 [running]> on host 3ceac54b7417
[2023-12-06T00:35:50.249+0000] {taskinstance.py:1662} INFO - Exporting env vars: AIRFLOW_CTX_DAG_OWNER='***' AIRFLOW_CTX_DAG_ID='dag_spotify' AIRFLOW_CTX_TASK_ID='main_func' AIRFLOW_CTX_EXECUTION_DATE='2023-12-05T23:00:00+00:00' AIRFLOW_CTX_TRY_NUMBER='3' AIRFLOW_CTX_DAG_RUN_ID='scheduled__2023-12-05T23:00:00+00:00'
[2023-12-06T00:35:51.770+0000] {logging_mixin.py:154} WARNING - /opt/***/scripts/main.py:82 SettingWithCopyWarning: 
A value is trying to be set on a copy of a slice from a DataFrame.
Try using .loc[row_indexer,col_indexer] = value instead

See the caveats in the documentation: https://pandas.pydata.org/pandas-docs/stable/user_guide/indexing.html#returning-a-view-versus-a-copy
[2023-12-06T00:35:51.771+0000] {logging_mixin.py:154} WARNING - /opt/***/scripts/main.py:83 SettingWithCopyWarning: 
A value is trying to be set on a copy of a slice from a DataFrame.
Try using .loc[row_indexer,col_indexer] = value instead

See the caveats in the documentation: https://pandas.pydata.org/pandas-docs/stable/user_guide/indexing.html#returning-a-view-versus-a-copy
[2023-12-06T00:35:51.772+0000] {logging_mixin.py:154} WARNING - /opt/***/scripts/main.py:85 SettingWithCopyWarning: 
A value is trying to be set on a copy of a slice from a DataFrame.
Try using .loc[row_indexer,col_indexer] = value instead

See the caveats in the documentation: https://pandas.pydata.org/pandas-docs/stable/user_guide/indexing.html#returning-a-view-versus-a-copy
[2023-12-06T00:35:56.273+0000] {python.py:194} INFO - Done. Returned value was: None
[2023-12-06T00:35:56.297+0000] {taskinstance.py:1400} INFO - Marking task as SUCCESS. dag_id=dag_spotify, task_id=main_func, execution_date=20231205T230000, start_date=20231206T003550, end_date=20231206T003556
[2023-12-06T00:35:56.318+0000] {local_task_job_runner.py:228} INFO - Task exited with return code 0
[2023-12-06T00:35:56.333+0000] {taskinstance.py:2778} INFO - 0 downstream tasks scheduled from follow-on schedule check
